2022-10-01 14:25:08,581 INFO o.a.j.u.JMeterUtils: Setting Locale to en_EN
2022-10-01 14:25:08,611 INFO o.a.j.JMeter: Loading user properties from: /usr/local/Cellar/jmeter/5.5/libexec/bin/user.properties
2022-10-01 14:25:08,612 INFO o.a.j.JMeter: Loading system properties from: /usr/local/Cellar/jmeter/5.5/libexec/bin/system.properties
2022-10-01 14:25:08,619 INFO o.a.j.JMeter: Copyright (c) 1998-2022 The Apache Software Foundation
2022-10-01 14:25:08,619 INFO o.a.j.JMeter: Version 5.5
2022-10-01 14:25:08,619 INFO o.a.j.JMeter: java.version=19
2022-10-01 14:25:08,619 INFO o.a.j.JMeter: java.vm.name=OpenJDK 64-Bit Server VM
2022-10-01 14:25:08,619 INFO o.a.j.JMeter: os.name=Mac OS X
2022-10-01 14:25:08,619 INFO o.a.j.JMeter: os.arch=x86_64
2022-10-01 14:25:08,619 INFO o.a.j.JMeter: os.version=12.1
2022-10-01 14:25:08,619 INFO o.a.j.JMeter: file.encoding=UTF-8
2022-10-01 14:25:08,619 INFO o.a.j.JMeter: java.awt.headless=null
2022-10-01 14:25:08,620 INFO o.a.j.JMeter: Max memory     =1073741824
2022-10-01 14:25:08,620 INFO o.a.j.JMeter: Available Processors =8
2022-10-01 14:25:08,630 INFO o.a.j.JMeter: Default Locale=English (EN)
2022-10-01 14:25:08,630 INFO o.a.j.JMeter: JMeter  Locale=English (EN)
2022-10-01 14:25:08,630 INFO o.a.j.JMeter: JMeterHome=/usr/local/Cellar/jmeter/5.5/libexec
2022-10-01 14:25:08,630 INFO o.a.j.JMeter: user.dir  =/Users/ishikawa/stable-diffusion-API
2022-10-01 14:25:08,631 INFO o.a.j.JMeter: PWD       =/Users/ishikawa/stable-diffusion-API
2022-10-01 14:25:08,632 INFO o.a.j.JMeter: IP: 127.0.0.1 Name: ishikawa-Mac-mini.local FullName: localhost
2022-10-01 14:25:08,644 INFO o.a.j.JMeter: Loaded icon properties from org/apache/jmeter/images/icon.properties
2022-10-01 14:25:09,222 INFO o.a.j.JMeterGuiLauncher: Setting LAF to: com.github.weisj.darklaf.DarkLaf:com.github.weisj.darklaf.theme.DarculaTheme
2022-10-01 14:25:16,565 INFO o.j.r.JARSourceHTTP: Requesting https://jmeter-plugins.org/repo/?installID=mac_os_x-372581a590e99b69bc4aac223e67c935-gui
2022-10-01 14:25:18,833 INFO o.j.r.PluginManager: Plugins Status: [jpgc-plugins-manager=1.7, jmeter-core=5.5, jmeter-ftp=5.5, jmeter-http=5.5, jmeter-jdbc=5.5, jmeter-jms=5.5, jmeter-junit=5.5, jmeter-java=5.5, jmeter-ldap=5.5, jmeter-mail=5.5, jmeter-mongodb=5.5, jmeter-native=5.5, jmeter-tcp=5.5, jmeter-components=5.5]
2022-10-01 14:25:24,120 INFO o.a.j.s.FileServer: Default base='/Users/ishikawa/stable-diffusion-API'
2022-10-01 14:25:24,126 INFO o.a.j.g.a.Load: Loading file: /Users/ishikawa/stable-diffusion-API/stable-diffusion-api-multi-POST-test.jmx
2022-10-01 14:25:24,126 INFO o.a.j.s.FileServer: Set new base='/Users/ishikawa/stable-diffusion-API'
2022-10-01 14:25:24,476 INFO o.a.j.s.SaveService: Testplan (JMX) version: 2.2. Testlog (JTL) version: 2.2
2022-10-01 14:25:24,496 INFO o.a.j.s.SaveService: Using SaveService properties version 5.0
2022-10-01 14:25:24,501 INFO o.a.j.s.SaveService: Using SaveService properties file encoding UTF-8
2022-10-01 14:25:24,504 INFO o.a.j.s.SaveService: Loading file: /Users/ishikawa/stable-diffusion-API/stable-diffusion-api-multi-POST-test.jmx
2022-10-01 14:25:24,668 INFO o.a.j.p.h.s.HTTPSamplerBase: Parser for text/html is org.apache.jmeter.protocol.http.parser.LagartoBasedHtmlParser
2022-10-01 14:25:24,669 INFO o.a.j.p.h.s.HTTPSamplerBase: Parser for application/xhtml+xml is org.apache.jmeter.protocol.http.parser.LagartoBasedHtmlParser
2022-10-01 14:25:24,669 INFO o.a.j.p.h.s.HTTPSamplerBase: Parser for application/xml is org.apache.jmeter.protocol.http.parser.LagartoBasedHtmlParser
2022-10-01 14:25:24,669 INFO o.a.j.p.h.s.HTTPSamplerBase: Parser for text/xml is org.apache.jmeter.protocol.http.parser.LagartoBasedHtmlParser
2022-10-01 14:25:24,670 INFO o.a.j.p.h.s.HTTPSamplerBase: Parser for text/vnd.wap.wml is org.apache.jmeter.protocol.http.parser.RegexpHTMLParser
2022-10-01 14:25:24,670 INFO o.a.j.p.h.s.HTTPSamplerBase: Parser for text/css is org.apache.jmeter.protocol.http.parser.CssParser
2022-10-01 14:25:25,055 INFO o.a.j.s.SampleResult: Note: Sample TimeStamps are START times
2022-10-01 14:25:25,056 INFO o.a.j.s.SampleResult: sampleresult.default.encoding is set to ISO-8859-1
2022-10-01 14:25:25,056 INFO o.a.j.s.SampleResult: sampleresult.useNanoTime=true
2022-10-01 14:25:25,056 INFO o.a.j.s.SampleResult: sampleresult.nanoThreadSleep=5000
2022-10-01 14:25:25,170 INFO o.a.j.v.ViewResultsFullVisualizer: Add JavaFX to your Java installation if you want to use renderer: org.apache.jmeter.visualizers.RenderInBrowser
2022-10-01 14:25:25,327 INFO o.a.j.s.FileServer: Set new base='/Users/ishikawa/stable-diffusion-API'
2022-10-01 14:26:43,228 INFO o.a.j.g.a.Load: Loading file: /Users/ishikawa/stable-diffusion-API/stable-diffusion-api-multi-POST-test.jmx
2022-10-01 14:26:43,231 INFO o.a.j.s.FileServer: Set new base='/Users/ishikawa/stable-diffusion-API'
2022-10-01 14:26:43,231 INFO o.a.j.s.SaveService: Loading file: /Users/ishikawa/stable-diffusion-API/stable-diffusion-api-multi-POST-test.jmx
2022-10-01 14:26:43,338 INFO o.a.j.v.ViewResultsFullVisualizer: Add JavaFX to your Java installation if you want to use renderer: org.apache.jmeter.visualizers.RenderInBrowser
2022-10-01 14:26:43,428 INFO o.a.j.s.FileServer: Set new base='/Users/ishikawa/stable-diffusion-API'
2022-10-01 14:28:14,005 INFO o.a.j.e.StandardJMeterEngine: Running the test!
2022-10-01 14:28:14,009 INFO o.a.j.s.SampleEvent: List of sample_variables: []
2022-10-01 14:28:14,009 INFO o.a.j.s.SampleEvent: List of sample_variables: []
2022-10-01 14:28:14,012 INFO o.a.j.e.u.CompoundVariable: Note: Function class names must contain the string: '.functions.'
2022-10-01 14:28:14,012 INFO o.a.j.e.u.CompoundVariable: Note: Function class names must not contain the string: '.gui.'
2022-10-01 14:28:14,066 INFO o.a.j.g.u.JMeterMenuBar: setRunning(true, *local*)
2022-10-01 14:28:14,160 INFO o.a.j.e.StandardJMeterEngine: Starting ThreadGroup: 1 : Thread Group
2022-10-01 14:28:14,179 INFO o.a.j.e.StandardJMeterEngine: Starting 1 threads for group Thread Group.
2022-10-01 14:28:14,181 INFO o.a.j.e.StandardJMeterEngine: Thread will continue on error
2022-10-01 14:28:14,182 INFO o.a.j.t.ThreadGroup: Starting thread group... number=1 threads=1 ramp-up=1 delayedStart=false
2022-10-01 14:28:14,212 INFO o.a.j.t.ThreadGroup: Started thread group number 1
2022-10-01 14:28:14,212 INFO o.a.j.e.StandardJMeterEngine: All thread groups have been started
2022-10-01 14:28:14,222 INFO o.a.j.t.JMeterThread: Thread started: Thread Group 1-1
2022-10-01 14:28:14,265 INFO o.a.j.p.h.s.HTTPHCAbstractImpl: Local host = ishikawa-Mac-mini.local
2022-10-01 14:28:14,275 INFO o.a.j.p.h.s.HTTPHC4Impl: HTTP request retry count = 0
2022-10-01 14:28:14,374 INFO o.a.j.p.h.s.h.LazyLayeredConnectionSocketFactory: Setting up HTTPS TrustAll Socket Factory
2022-10-01 14:28:14,379 INFO o.a.j.u.JsseSSLManager: Using default SSL protocol: TLS
2022-10-01 14:28:14,379 INFO o.a.j.u.JsseSSLManager: SSL session context: per-thread
2022-10-01 14:28:14,394 INFO o.a.j.u.SSLManager: JmeterKeyStore Location:  type JKS
2022-10-01 14:28:14,395 INFO o.a.j.u.SSLManager: KeyStore created OK
2022-10-01 14:28:14,395 WARN o.a.j.u.SSLManager: Keystore file not found, loading empty keystore
2022-10-01 14:28:14,665 INFO o.a.j.t.JMeterThread: Thread is done: Thread Group 1-1
2022-10-01 14:28:14,666 INFO o.a.j.t.JMeterThread: Thread finished: Thread Group 1-1
2022-10-01 14:28:14,668 INFO o.a.j.e.StandardJMeterEngine: Notifying test listeners of end of test
2022-10-01 14:28:14,669 INFO o.a.j.g.u.JMeterMenuBar: setRunning(false, *local*)
2022-10-01 14:30:25,359 INFO o.a.j.e.StandardJMeterEngine: Running the test!
2022-10-01 14:30:25,361 INFO o.a.j.s.SampleEvent: List of sample_variables: []
2022-10-01 14:30:25,369 INFO o.a.j.g.u.JMeterMenuBar: setRunning(true, *local*)
2022-10-01 14:30:25,494 INFO o.a.j.e.StandardJMeterEngine: Starting ThreadGroup: 1 : Thread Group
2022-10-01 14:30:25,503 INFO o.a.j.e.StandardJMeterEngine: Starting 1 threads for group Thread Group.
2022-10-01 14:30:25,505 INFO o.a.j.e.StandardJMeterEngine: Thread will continue on error
2022-10-01 14:30:25,507 INFO o.a.j.t.ThreadGroup: Starting thread group... number=1 threads=1 ramp-up=1 delayedStart=false
2022-10-01 14:30:25,513 INFO o.a.j.t.ThreadGroup: Started thread group number 1
2022-10-01 14:30:25,513 INFO o.a.j.e.StandardJMeterEngine: All thread groups have been started
2022-10-01 14:30:25,515 INFO o.a.j.t.JMeterThread: Thread started: Thread Group 1-1
2022-10-01 14:30:25,827 INFO o.a.j.t.JMeterThread: Thread is done: Thread Group 1-1
2022-10-01 14:30:25,828 INFO o.a.j.t.JMeterThread: Thread finished: Thread Group 1-1
2022-10-01 14:30:25,829 INFO o.a.j.e.StandardJMeterEngine: Notifying test listeners of end of test
2022-10-01 14:30:25,830 INFO o.a.j.g.u.JMeterMenuBar: setRunning(false, *local*)
2022-10-01 14:31:48,846 INFO o.a.j.e.StandardJMeterEngine: Running the test!
2022-10-01 14:31:48,852 INFO o.a.j.s.SampleEvent: List of sample_variables: []
2022-10-01 14:31:48,857 INFO o.a.j.g.u.JMeterMenuBar: setRunning(true, *local*)
2022-10-01 14:31:48,958 INFO o.a.j.e.StandardJMeterEngine: Starting ThreadGroup: 1 : Thread Group
2022-10-01 14:31:48,963 INFO o.a.j.e.StandardJMeterEngine: Starting 1 threads for group Thread Group.
2022-10-01 14:31:48,964 INFO o.a.j.e.StandardJMeterEngine: Thread will continue on error
2022-10-01 14:31:48,968 INFO o.a.j.t.ThreadGroup: Starting thread group... number=1 threads=1 ramp-up=1 delayedStart=false
2022-10-01 14:31:48,982 INFO o.a.j.t.ThreadGroup: Started thread group number 1
2022-10-01 14:31:48,983 INFO o.a.j.e.StandardJMeterEngine: All thread groups have been started
2022-10-01 14:31:48,985 INFO o.a.j.t.JMeterThread: Thread started: Thread Group 1-1
2022-10-01 14:31:54,982 INFO o.a.j.t.JMeterThread: Thread is done: Thread Group 1-1
2022-10-01 14:31:54,982 INFO o.a.j.t.JMeterThread: Thread finished: Thread Group 1-1
2022-10-01 14:31:54,984 INFO o.a.j.e.StandardJMeterEngine: Notifying test listeners of end of test
2022-10-01 14:31:54,985 INFO o.a.j.g.u.JMeterMenuBar: setRunning(false, *local*)
2022-10-01 14:32:29,807 INFO o.a.j.e.StandardJMeterEngine: Running the test!
2022-10-01 14:32:29,808 INFO o.a.j.s.SampleEvent: List of sample_variables: []
2022-10-01 14:32:29,815 INFO o.a.j.g.u.JMeterMenuBar: setRunning(true, *local*)
2022-10-01 14:32:29,917 INFO o.a.j.e.StandardJMeterEngine: Starting ThreadGroup: 1 : Thread Group
2022-10-01 14:32:29,939 INFO o.a.j.e.StandardJMeterEngine: Starting 10 threads for group Thread Group.
2022-10-01 14:32:29,941 INFO o.a.j.e.StandardJMeterEngine: Thread will continue on error
2022-10-01 14:32:29,942 INFO o.a.j.t.ThreadGroup: Starting thread group... number=1 threads=10 ramp-up=1 delayedStart=false
2022-10-01 14:32:29,964 INFO o.a.j.t.ThreadGroup: Started thread group number 1
2022-10-01 14:32:29,964 INFO o.a.j.e.StandardJMeterEngine: All thread groups have been started
2022-10-01 14:32:29,966 INFO o.a.j.t.JMeterThread: Thread started: Thread Group 1-1
2022-10-01 14:32:30,055 INFO o.a.j.t.JMeterThread: Thread started: Thread Group 1-2
2022-10-01 14:32:30,153 INFO o.a.j.t.JMeterThread: Thread started: Thread Group 1-3
2022-10-01 14:32:30,253 INFO o.a.j.t.JMeterThread: Thread started: Thread Group 1-4
2022-10-01 14:32:30,353 INFO o.a.j.t.JMeterThread: Thread started: Thread Group 1-5
2022-10-01 14:32:30,452 INFO o.a.j.t.JMeterThread: Thread started: Thread Group 1-6
2022-10-01 14:32:30,552 INFO o.a.j.t.JMeterThread: Thread started: Thread Group 1-7
2022-10-01 14:32:30,651 INFO o.a.j.t.JMeterThread: Thread started: Thread Group 1-8
2022-10-01 14:32:30,752 INFO o.a.j.t.JMeterThread: Thread started: Thread Group 1-9
2022-10-01 14:32:30,851 INFO o.a.j.t.JMeterThread: Thread started: Thread Group 1-10
2022-10-01 14:32:36,211 INFO o.a.j.t.JMeterThread: Thread is done: Thread Group 1-3
2022-10-01 14:32:36,211 INFO o.a.j.t.JMeterThread: Thread finished: Thread Group 1-3
2022-10-01 14:32:36,309 INFO o.a.j.t.JMeterThread: Thread is done: Thread Group 1-2
2022-10-01 14:32:36,310 INFO o.a.j.t.JMeterThread: Thread finished: Thread Group 1-2
2022-10-01 14:32:36,556 INFO o.a.j.t.JMeterThread: Thread is done: Thread Group 1-1
2022-10-01 14:32:36,556 INFO o.a.j.t.JMeterThread: Thread finished: Thread Group 1-1
2022-10-01 14:32:37,174 INFO o.a.j.t.JMeterThread: Thread is done: Thread Group 1-4
2022-10-01 14:32:37,176 INFO o.a.j.t.JMeterThread: Thread finished: Thread Group 1-4
2022-10-01 14:32:37,749 INFO o.a.j.t.JMeterThread: Thread is done: Thread Group 1-10
2022-10-01 14:32:37,749 INFO o.a.j.t.JMeterThread: Thread finished: Thread Group 1-10
2022-10-01 14:32:37,776 INFO o.a.j.t.JMeterThread: Thread is done: Thread Group 1-5
2022-10-01 14:32:37,776 INFO o.a.j.t.JMeterThread: Thread finished: Thread Group 1-5
2022-10-01 14:32:37,787 INFO o.a.j.t.JMeterThread: Thread is done: Thread Group 1-6
2022-10-01 14:32:37,787 INFO o.a.j.t.JMeterThread: Thread finished: Thread Group 1-6
2022-10-01 14:32:37,815 INFO o.a.j.t.JMeterThread: Thread is done: Thread Group 1-8
2022-10-01 14:32:37,815 INFO o.a.j.t.JMeterThread: Thread finished: Thread Group 1-8
2022-10-01 14:32:37,864 INFO o.a.j.t.JMeterThread: Thread is done: Thread Group 1-7
2022-10-01 14:32:37,864 INFO o.a.j.t.JMeterThread: Thread finished: Thread Group 1-7
2022-10-01 14:32:37,939 INFO o.a.j.t.JMeterThread: Thread is done: Thread Group 1-9
2022-10-01 14:32:37,939 INFO o.a.j.t.JMeterThread: Thread finished: Thread Group 1-9
2022-10-01 14:32:37,941 INFO o.a.j.e.StandardJMeterEngine: Notifying test listeners of end of test
2022-10-01 14:32:37,944 INFO o.a.j.g.u.JMeterMenuBar: setRunning(false, *local*)
